android/app/build/intermediates/manifest_merge_blame_file/debug/manifest-merger-blame-debug-report.txt
1<?xml version="1.0" encoding="utf-8"?>
2<manifest xmlns:android="http://schemas.android.com/apk/res/android"
3    package="com.souqna"
4    android:versionCode="1"
5    android:versionName="1.0.0" >
6
7    <uses-sdk
8        android:minSdkVersion="21"
9        android:targetSdkVersion="29" />
10
11    <uses-permission android:name="android.permission.SYSTEM_ALERT_WINDOW" />
11-->src/debug/AndroidManifest.xml:5:5-77
11-->src/debug/AndroidManifest.xml:5:22-75
12    <uses-permission android:name="android.permission.INTERNET" />
12-->src/main/AndroidManifest.xml:4:5-67
12-->src/main/AndroidManifest.xml:4:22-64
13    <uses-permission android:name="android.permission.ACCESS_NETWORK_STATE" />
13-->src/main/AndroidManifest.xml:5:5-79
13-->src/main/AndroidManifest.xml:5:22-76
14    <uses-permission android:name="android.permission.READ_EXTERNAL_STORAGE" />
14-->src/main/AndroidManifest.xml:6:5-80
14-->src/main/AndroidManifest.xml:6:22-77
15    <uses-permission android:name="android.permission.WRITE_EXTERNAL_STORAGE" />
15-->src/main/AndroidManifest.xml:7:5-81
15-->src/main/AndroidManifest.xml:7:22-78
16    <uses-permission android:name="android.permission.CAMERA" />
16-->src/main/AndroidManifest.xml:8:5-65
16-->src/main/AndroidManifest.xml:8:22-62
17
18    <uses-feature
18-->src/main/AndroidManifest.xml:10:5-12:36
19        android:name="android.hardware.camera"
19-->src/main/AndroidManifest.xml:11:9-47
20        android:required="false" />
20-->src/main/AndroidManifest.xml:12:9-33
21    <uses-feature
21-->src/main/AndroidManifest.xml:13:5-15:36
22        android:name="android.hardware.camera.front"
22-->src/main/AndroidManifest.xml:14:9-53
23        android:required="false" />
23-->src/main/AndroidManifest.xml:15:9-33
24
25    <uses-permission android:name="android.permission.ACCESS_FINE_LOCATION" />
25-->src/main/AndroidManifest.xml:17:5-79
25-->src/main/AndroidManifest.xml:17:22-76
26
27    <uses-feature android:name="android.hardware.location.gps" />
27-->src/main/AndroidManifest.xml:18:5-66
27-->src/main/AndroidManifest.xml:18:19-63
28
29    <uses-permission android:name="android.permission.ACCESS_WIFI_STATE" />
29-->[com.facebook.flipper:flipper:0.54.0] AndroidManifest.xml:16:5-76
29-->[com.facebook.flipper:flipper:0.54.0] AndroidManifest.xml:16:22-73
30
31    <application
31-->src/main/AndroidManifest.xml:20:5-41:19
32        android:name="com.souqna.MainApplication"
32-->src/main/AndroidManifest.xml:21:9-40
33        android:allowBackup="false"
33-->src/main/AndroidManifest.xml:22:9-36
34        android:appComponentFactory="androidx.core.app.CoreComponentFactory"
34-->[androidx.core:core:1.3.2] AndroidManifest.xml:24:18-86
35        android:debuggable="true"
36        android:icon="@mipmap/ic_launcher"
36-->src/main/AndroidManifest.xml:23:9-43
37        android:label="@string/app_name"
37-->src/main/AndroidManifest.xml:24:9-41
38        android:requestLegacyExternalStorage="true"
38-->src/main/AndroidManifest.xml:25:9-52
39        android:roundIcon="@mipmap/ic_launcher_round"
39-->src/main/AndroidManifest.xml:26:9-54
40        android:theme="@style/AppTheme"
40-->src/main/AndroidManifest.xml:27:9-40
41        android:usesCleartextTraffic="true" >
41-->src/main/AndroidManifest.xml:28:9-44
42        <activity
42-->src/main/AndroidManifest.xml:29:9-39:20
43            android:name="com.souqna.MainActivity"
43-->src/main/AndroidManifest.xml:30:13-41
44            android:configChanges="keyboard|keyboardHidden|orientation|screenSize|uiMode"
44-->src/main/AndroidManifest.xml:31:13-90
45            android:label="@string/app_name"
45-->src/main/AndroidManifest.xml:32:13-45
46            android:launchMode="singleTask"
46-->src/main/AndroidManifest.xml:33:13-44
47            android:windowSoftInputMode="adjustResize" >
47-->src/main/AndroidManifest.xml:34:13-55
48            <intent-filter>
48-->src/main/AndroidManifest.xml:35:13-38:29
49                <action android:name="android.intent.action.MAIN" />
49-->src/main/AndroidManifest.xml:36:17-69
49-->src/main/AndroidManifest.xml:36:25-66
50
51                <category android:name="android.intent.category.LAUNCHER" />
51-->src/main/AndroidManifest.xml:37:17-77
51-->src/main/AndroidManifest.xml:37:27-74
52            </intent-filter>
53        </activity>
54        <activity android:name="com.facebook.react.devsupport.DevSettingsActivity" />
54-->src/main/AndroidManifest.xml:40:9-86
54-->src/main/AndroidManifest.xml:40:19-83
55
56        <provider
56-->[:react-native-image-picker] AndroidManifest.xml:12:9-20:20
57            android:name="com.imagepicker.ImagePickerProvider"
57-->[:react-native-image-picker] AndroidManifest.xml:13:13-63
58            android:authorities="com.souqna.imagepickerprovider"
58-->[:react-native-image-picker] AndroidManifest.xml:14:13-71
59            android:exported="false"
59-->[:react-native-image-picker] AndroidManifest.xml:15:13-37
60            android:grantUriPermissions="true" >
60-->[:react-native-image-picker] AndroidManifest.xml:16:13-47
61            <meta-data
61-->[:react-native-image-picker] AndroidManifest.xml:17:13-19:70
62                android:name="android.support.FILE_PROVIDER_PATHS"
62-->[:react-native-image-picker] AndroidManifest.xml:18:17-67
63                android:resource="@xml/imagepicker_provider_paths" />
63-->[:react-native-image-picker] AndroidManifest.xml:19:17-67
64        </provider>
65        <provider
65-->[:react-native-webview] AndroidManifest.xml:12:9-20:20
66            android:name="com.reactnativecommunity.webview.RNCWebViewFileProvider"
66-->[:react-native-webview] AndroidManifest.xml:13:13-83
67            android:authorities="com.souqna.fileprovider"
67-->[:react-native-webview] AndroidManifest.xml:14:13-64
68            android:exported="false"
68-->[:react-native-webview] AndroidManifest.xml:15:13-37
69            android:grantUriPermissions="true" >
69-->[:react-native-webview] AndroidManifest.xml:16:13-47
70            <meta-data
70-->[:react-native-image-picker] AndroidManifest.xml:17:13-19:70
71                android:name="android.support.FILE_PROVIDER_PATHS"
71-->[:react-native-image-picker] AndroidManifest.xml:18:17-67
72                android:resource="@xml/file_provider_paths" />
72-->[:react-native-image-picker] AndroidManifest.xml:19:17-67
73        </provider>
74    </application>
75
76</manifest>